cpanm (App::cpanminus) 1.7043 on perl 5.026001 built for x86_64-cygwin-threads-multi
Work directory is /home/CVIRTUCIO/.cpanm/work/1516280079.9676
You have make /usr/bin/make
You have LWP 6.31
You have /usr/bin/tar: tar (GNU tar) 1.29
Packaged by Cygwin (1.29-1)
Copyright (C) 2015 Free Software Foundation, Inc.
License GPLv3+: GNU GPL version 3 or later <http://gnu.org/licenses/gpl.html>.
This is free software: you are free to change and redistribute it.
There is NO WARRANTY, to the extent permitted by law.

Written by John Gilmore and Jay Fenlason.
You have /usr/bin/unzip
Searching Fatal (2.29) on cpanmetadb ...
Fatal is up to date. (2.29)
Searching Archive::Extract::Libarchive (0.38) on cpanmetadb ...
Archive::Extract::Libarchive is up to date. (0.38)
Searching Archive::Zip (1.56) on cpanmetadb ...
Archive::Zip is up to date. (1.60)
Searching Class::Accessor (0.34) on cpanmetadb ...
Class::Accessor is up to date. (0.51)
Searching Config::Any::Properties (0.001001) on cpanmetadb ...
Config::Any::Properties is up to date. (0.001001)
Searching Config::Entities (1.07) on cpanmetadb ...
Config::Entities is up to date. (1.07)
Searching Config::Tiny (2.23) on cpanmetadb ...
Config::Tiny is up to date. (2.23)
Searching Date::Parse (2.30) on cpanmetadb ...
Date::Parse is up to date. (2.30)
Searching DateTime (1.26) on cpanmetadb ...
DateTime is up to date. (1.45)
Searching DateTime::Format::DBI (0.041) on cpanmetadb ...
DateTime::Format::DBI is up to date. (0.041)
Searching DateTime::Format::ISO8601 (0.08) on cpanmetadb ...
DateTime::Format::ISO8601 is up to date. (0.08)
Searching DateTime::Format::DateParse (0.05) on cpanmetadb ...
DateTime::Format::DateParse is up to date. (0.05)
Searching DBI (1.634) on cpanmetadb ...
DBI is up to date. (1.639)
Searching DBD::mysql (4.033) on cpanmetadb ...
DBD::mysql is up to date. (4.043)
Searching DBD::Pg (3.5.3) on cpanmetadb ...
DBD::Pg is up to date. (3.7.0)
Searching File::Copy::Recursive (0.38) on cpanmetadb ...
--> Working on File::Copy::Recursive
Fetching http://www.cpan.org/authors/id/D/DM/DMUEY/File-Copy-Recursive-0.40.tar.gz
-> OK
Unpacking File-Copy-Recursive-0.40.tar.gz
Entering File-Copy-Recursive-0.40
Checking configure dependencies from META.json
Checking if you have ExtUtils::MakeMaker 6.58 ... Yes (7.24)
Configuring File-Copy-Recursive-0.40
Running Makefile.PL
Warning: prerequisite Test::File 0 not found.
Checking if your kit is complete...
Looks good
Generating a Unix-style Makefile
Writing Makefile for File::Copy::Recursive
Writing MYMETA.yml and MYMETA.json
-> OK
Checking dependencies from MYMETA.json ...
Checking if you have File::Temp 0 ... Yes (0.2304)
Checking if you have Test::More 0 ... Yes (1.302120)
Checking if you have File::Spec 0 ... Yes (3.67)
Checking if you have File::Glob 0 ... Yes (1.28)
Checking if you have Test::Deep 0 ... Yes (1.127)
Checking if you have Test::Exception 0 ... Yes (0.43)
Checking if you have ExtUtils::MakeMaker 0 ... Yes (7.24)
Checking if you have Cwd 0 ... Yes (3.67)
Checking if you have Test::Warn 0 ... Yes (0.32)
Checking if you have Test::File 0 ... No
Checking if you have File::Copy 0 ... Yes (2.32)
Checking if you have Path::Tiny 0 ... Yes (0.104)
==> Found dependencies: Test::File
Searching Test::File (0) on cpanmetadb ...
--> Working on Test::File
Fetching http://www.cpan.org/authors/id/B/BD/BDFOY/Test-File-1.443.tar.gz
-> OK
Unpacking Test-File-1.443.tar.gz
Entering Test-File-1.443
Checking configure dependencies from META.json
Checking if you have ExtUtils::MakeMaker 6.64 ... Yes (7.24)
Checking if you have File::Spec::Functions 0 ... Yes (3.67)
Configuring Test-File-1.443
Running Makefile.PL
Checking if your kit is complete...
Looks good
Generating a Unix-style Makefile
Writing Makefile for Test::File
Writing MYMETA.yml and MYMETA.json
-> OK
Checking dependencies from MYMETA.json ...
Checking if you have Test::Builder::Tester 1.04 ... Yes (1.302120)
Checking if you have Test::More 0.95 ... Yes (1.302120)
Checking if you have Test::utf8 0 ... Yes (1.01)
Checking if you have Test::Builder 1.001006 ... Yes (1.302120)
Building and testing Test-File-1.443
cp lib/Test/File.pm blib/lib/Test/File.pm
Manifying 1 pod document
PERL_DL_NONLAZY=1 "/usr/bin/perl.exe" "-MExtUtils::Command::MM" "-MTest::Harness" "-e" "undef *Test::Harness::Switches; test_harness(0, 'blib/lib', 'blib/arch')" t/*.t
    # MSWin32
    # Looks like you planned 0 tests but ran 2.
    # Looks like you planned 0 tests but ran 2.
t/dm_skeleton.t ............... ok

#   Failed test at t/file_contains.t line 37.
# STDERR is:
# > #   Failed test 'not_readable contains (?^:(?mx:^ xxxxxxxxxxx    $))'
# > #   at t/file_contains.t line 36.
# > #                   ''
# > #     doesn't match '(?^:(?mx:^ xxxxxxxxxxx    $))'
# not:
# > # File [not_readable] is not readable!
# > /#\s+Failed\ test.*?\n?.*?at\ t\/file_contains\.t line 36.*\n?/
# > 
# > 
# as expected

#   Failed test at t/file_contains.t line 65.
# STDOUT is:
# > ok 1 - not_readable doesn't contain (?^:(?mx:^ xxxxxxxxxxxxxxxxxxxx $))
# not:
# > not ok 1 - not_readable doesn't contain (?^:(?mx:^ xxxxxxxxxxxxxxxxxxxx $))
# as expected
# STDERR is:
# > 
# > 
# not:
# > # File [not_readable] is not readable!
# > /#\s+Failed\ test.*?\n?.*?at\ t\/file_contains\.t line 64.*\n?/
# as expected

#   Failed test at t/file_contains.t line 99.
# STDOUT is:
#   not ok 1 - not_readable contains (?^:(?mx:^ xxxxxxxxxxx    $))
# > not ok 2 - not_readable contains (?^:(?mx:^ xxxxxxxxxxxxxxxxxxxxxxxxxxxxxxxxxxxxxxxx    $))
# not:
#   not ok 1 - not_readable contains (?^:(?mx:^ xxxxxxxxxxx    $))
# > 
# as expected
# STDERR is:
# > #   Failed test 'not_readable contains (?^:(?mx:^ xxxxxxxxxxx    $))'
# > #   at t/file_contains.t line 98.
# > #                   ''
# > #     doesn't match '(?^:(?mx:^ xxxxxxxxxxx    $))'
# > #   Failed test 'not_readable contains (?^:(?mx:^ xxxxxxxxxxxxxxxxxxxxxxxxxxxxxxxxxxxxxxxx    $))'
# > #   at t/file_contains.t line 98.
# > #                   ''
# > #     doesn't match '(?^:(?mx:^ xxxxxxxxxxxxxxxxxxxxxxxxxxxxxxxxxxxxxxxx    $))'
# not:
# > # File [not_readable] is not readable!
# > /#\s+Failed\ test.*?\n?.*?at\ t\/file_contains\.t line 98.*\n?/
# > 
# > 
# > 
# > 
# > 
# > 
# as expected

#   Failed test at t/file_contains.t line 134.
# STDOUT is:
# > ok 1 - not_readable doesn't contain (?^:(?mx:^ xxxxxxxxxxxxxxxxxxxx $))
# > ok 2 - not_readable doesn't contain (?^:(?mx:^ xxxxxxxxxxxxxxxxxxxx $))
# not:
# > not ok 1 - not_readable doesn't contain (?^:(?mx:^ xxxxxxxxxxxxxxxxxxxx $))
# > 
# as expected
# STDERR is:
# > 
# > 
# not:
# > # File [not_readable] is not readable!
# > /#\s+Failed\ test.*?\n?.*?at\ t\/file_contains\.t line 133.*\n?/
# as expected
t/file_contains.t ............. 
Failed 4/23 subtests 
t/file_contains_encoded.t ..... ok
t/file_contains_utf8.t ........ ok
t/file_mtime.t ................ ok
    # Looks like you planned 0 tests but ran 5.
    # Looks like you planned 0 tests but ran 7.
    # Looks like you planned 0 tests but ran 6.
t/file_sizes.t ................ ok
    # Looks like you planned 0 tests but ran 5.
    # Looks like you planned 0 tests but ran 6.
    # Looks like you planned 0 tests but ran 4.
    # Looks like you planned 0 tests but ran 4.
t/line_counters.t ............. ok
    # Looks like you planned 0 tests but ran 2.
    # Looks like you planned 0 tests but ran 3.
t/link_counts.t ............... ok
    # Looks like you planned 0 tests but ran 8.
    # Looks like you planned 0 tests but ran 12.
    # Looks like you planned 0 tests but ran 7.
    # Looks like you planned 0 tests but ran 2.
    # Looks like you planned 0 tests but ran 1.
    # Looks like you planned 0 tests but ran 1.
t/links.t ..................... ok
t/load.t ...................... ok
t/normalize.t ................. ok
t/obviously_non_multi_user.t .. ok
t/owner.t ..................... ok
t/pod.t ....................... skipped: Test::Pod 1.00 required for testing POD
t/pod_coverage.t .............. skipped: Test::Pod::Coverage required for testing POD
t/test_dirs.t ................. ok

#   Failed test at t/test_files.t line 33.
# STDOUT is:
# > not ok 1 - writeable is not readable
# not:
# > ok 1 - writeable is not readable
# as expected
# STDERR is:
# > # File [writeable] is readable!
# > #   Failed test 'writeable is not readable'
# > #   at t/test_files.t line 32.
# not:
# > 
# > 
# > 
# as expected

#   Failed test at t/test_files.t line 44.
# STDOUT is:
# > not ok 1 - readable is not writeable
# not:
# > ok 1 - readable is not writeable
# as expected
# STDERR is:
# > # File [readable] is writeable!
# > #   Failed test 'readable is not writeable'
# > #   at t/test_files.t line 43.
# not:
# > 
# > 
# > 
# as expected
t/test_files.t ................ 
Failed 2/23 subtests 
    # Looks like you planned 0 tests but ran 4.
t/win32.t ..................... ok

Test Summary Report
-------------------
t/file_contains.t           (Wstat: 0 Tests: 23 Failed: 4)
  Failed tests:  8, 12, 17, 22
t/test_files.t              (Wstat: 0 Tests: 23 Failed: 2)
  Failed tests:  9, 11
Files=18, Tests=189, 31 wallclock secs ( 1.08 usr  0.50 sys +  6.60 cusr 21.95 csys = 30.13 CPU)
Result: FAIL
Failed 2/18 test programs. 6/189 subtests failed.
make: *** [Makefile:898: test_dynamic] Error 255
-> FAIL Installing Test::File failed. See /home/CVIRTUCIO/.cpanm/work/1516280079.9676/build.log for details. Retry with --force to force install it.
-> FAIL Installing the dependencies failed: Module 'Test::File' is not installed
-> FAIL Bailing out the installation for File-Copy-Recursive-0.40.
Searching File::ShareDir (1.102) on cpanmetadb ...
File::ShareDir is up to date. (1.104)
Searching Git (0.41) on cpanmetadb ...
Git is up to date. (0.42)
Searching HTML::TreeBuilder::XPath (0.14) on cpanmetadb ...
HTML::TreeBuilder::XPath is up to date. (0.14)
Searching Footprintless (1.26) on cpanmetadb ...
Footprintless is up to date. (1.26)
Searching Footprintless::Plugin::Atlassian::Confluence (1.03) on cpanmetadb ...
Footprintless::Plugin::Atlassian::Confluence is up to date. (1.03)
Searching Footprintless::Plugin::Database (1.01) on cpanmetadb ...
Footprintless::Plugin::Database is up to date. (1.04)
Searching Hash::Merge (0.200) on cpanmetadb ...
Hash::Merge is up to date. (0.299)
Searching HTML::Form (6.03) on cpanmetadb ...
HTML::Form is up to date. (6.03)
Searching IO::String (1.08) on cpanmetadb ...
IO::String is up to date. (1.08)
Searching JSON (2.90) on cpanmetadb ...
JSON is up to date. (2.97001)
Searching LockFile::Simple (0.208) on cpanmetadb ...
LockFile::Simple is up to date. (0.208)
Searching Log::Any::Adapter (1.032) on cpanmetadb ...
--> Working on Log::Any::Adapter
Fetching http://www.cpan.org/authors/id/P/PR/PREACTION/Log-Any-1.705.tar.gz
-> OK
Unpacking Log-Any-1.705.tar.gz
Entering Log-Any-1.705
Checking configure dependencies from META.json
Checking if you have ExtUtils::MakeMaker 6.58 ... Yes (7.24)
Configuring Log-Any-1.705
Running Makefile.PL
Checking if your kit is complete...
Looks good
Generating a Unix-style Makefile
Writing Makefile for Log::Any
Writing MYMETA.yml and MYMETA.json
-> OK
Checking dependencies from MYMETA.json ...
Checking if you have constant 0 ... Yes (1.33)
Checking if you have Exporter 0 ... Yes (5.72)
Checking if you have IO::Handle 0 ... Yes (1.36)
Checking if you have IO::File 0 ... Yes (1.16)
Checking if you have Data::Dumper 0 ... Yes (2.167)
Checking if you have ExtUtils::MakeMaker 0 ... Yes (7.24)
Checking if you have B 0 ... Yes (1.68)
Checking if you have File::Basename 0 ... Yes (2.85)
Checking if you have Carp 0 ... Yes (1.42)
Checking if you have warnings 0 ... Yes (1.37)
Checking if you have strict 0 ... Yes (1.11)
Checking if you have Storable 0 ... Yes (2.62)
Checking if you have Test::More 0 ... Yes (1.302120)
Checking if you have Sys::Syslog 0 ... Yes (0.35)
Checking if you have FindBin 0 ... Yes (1.51)
Checking if you have IPC::Open3 0 ... Yes (1.20)
Checking if you have Test::Builder 0 ... Yes (1.302120)
Checking if you have File::Spec 0 ... Yes (3.67)
Checking if you have Fcntl 0 ... Yes (1.13)
Building and testing Log-Any-1.705
cp lib/Log/Any/Adapter/Stdout.pm blib/lib/Log/Any/Adapter/Stdout.pm
cp lib/Log/Any/Adapter/Util.pm blib/lib/Log/Any/Adapter/Util.pm
cp lib/Log/Any/Proxy/Test.pm blib/lib/Log/Any/Proxy/Test.pm
cp lib/Log/Any/Adapter/Syslog.pm blib/lib/Log/Any/Adapter/Syslog.pm
cp lib/Log/Any/Adapter.pm blib/lib/Log/Any/Adapter.pm
cp lib/Log/.gitignore blib/lib/Log/.gitignore
cp lib/Log/Any/Adapter/Null.pm blib/lib/Log/Any/Adapter/Null.pm
cp lib/Log/Any.pm blib/lib/Log/Any.pm
cp lib/Log/Any/Adapter/File.pm blib/lib/Log/Any/Adapter/File.pm
cp lib/Log/Any/Adapter/Test.pm blib/lib/Log/Any/Adapter/Test.pm
cp lib/Log/Any/Test.pm blib/lib/Log/Any/Test.pm
cp lib/Log/Any/Adapter/Stderr.pm blib/lib/Log/Any/Adapter/Stderr.pm
cp lib/Log/Any/Adapter/Development.pod blib/lib/Log/Any/Adapter/Development.pod
cp lib/Log/Any/Manager.pm blib/lib/Log/Any/Manager.pm
cp lib/Log/Any/Proxy.pm blib/lib/Log/Any/Proxy.pm
cp lib/Log/Any/Proxy/Null.pm blib/lib/Log/Any/Proxy/Null.pm
cp lib/Log/Any/Adapter/Base.pm blib/lib/Log/Any/Adapter/Base.pm
Manifying 16 pod documents
PERL_DL_NONLAZY=1 "/usr/bin/perl.exe" "-MExtUtils::Command::MM" "-MTest::Harness" "-e" "undef *Test::Harness::Switches; test_harness(0, 'blib/lib', 'blib/arch')" t/*.t
t/00-compile.t .............. ok
# 
# Versions for all modules listed in MYMETA.json (including optional ones):
# 
# === Configure Requires ===
# 
#     Module              Want Have
#     ------------------- ---- ----
#     ExtUtils::MakeMaker  any 7.24
# 
# === Build Requires ===
# 
#     Module              Want Have
#     ------------------- ---- ----
#     ExtUtils::MakeMaker  any 7.24
# 
# === Test Requires ===
# 
#     Module              Want     Have
#     ------------------- ---- --------
#     ExtUtils::MakeMaker  any     7.24
#     File::Spec           any     3.67
#     IO::Handle           any     1.36
#     IPC::Open3           any     1.20
#     Test::More           any 1.302120
# 
# === Test Recommends ===
# 
#     Module         Want     Have
#     ---------- -------- --------
#     CPAN::Meta 2.120900 2.150010
# 
# === Runtime Requires ===
# 
#     Module         Want     Have
#     -------------- ---- --------
#     B               any     1.68
#     Carp            any     1.42
#     Data::Dumper    any    2.167
#     Exporter        any     5.72
#     Fcntl           any     1.13
#     File::Basename  any     2.85
#     FindBin         any     1.51
#     IO::File        any     1.16
#     Storable        any     2.62
#     Sys::Syslog     any     0.35
#     Test::Builder   any 1.302120
#     constant        any     1.33
#     strict          any     1.11
#     warnings        any     1.37
# 
t/00-report-prereqs.t ....... ok
t/adapter-import.t .......... ok
t/author-pod-syntax.t ....... skipped: these tests are for testing by the author
t/context.t ................. ok
t/default-adapter-env.t ..... ok
t/default-adapter-params.t .. ok
t/default-adapter-use.t ..... ok
t/default-adapter.t ......... ok
t/default-vs-test.t ......... ok
t/errors-adapter.t .......... ok
t/filescreen.t .............. ok
t/import.t .................. ok
t/inner-adapter.t ........... ok
t/log-any-test.t ............ ok
t/memory.t .................. ok
t/null-proxy.t .............. ok
t/proxy.t ................... ok
t/release-backcompat.t ...... skipped: these tests are for release candidate testing
t/replace_log.t ............. ok
t/sprintf.t ................. ok
t/stringify.t ............... ok
t/structured-logging.t ...... ok
t/syslog.t .................. ok
t/util.t .................... ok
t/valid-methods.t ........... ok
All tests successful.
Files=26, Tests=262, 47 wallclock secs ( 1.58 usr  0.76 sys +  8.87 cusr 34.65 csys = 45.85 CPU)
Result: PASS
Manifying 16 pod documents
Installing /usr/local/share/perl5/site_perl/5.26/Log/Any.pm
Installing /usr/local/share/perl5/site_perl/5.26/Log/Any/Adapter.pm
Installing /usr/local/share/perl5/site_perl/5.26/Log/Any/Manager.pm
Installing /usr/local/share/perl5/site_perl/5.26/Log/Any/Proxy.pm
Installing /usr/local/share/perl5/site_perl/5.26/Log/Any/Test.pm
Installing /usr/local/share/perl5/site_perl/5.26/Log/Any/Adapter/Base.pm
Installing /usr/local/share/perl5/site_perl/5.26/Log/Any/Adapter/Development.pod
Installing /usr/local/share/perl5/site_perl/5.26/Log/Any/Adapter/File.pm
Installing /usr/local/share/perl5/site_perl/5.26/Log/Any/Adapter/Null.pm
Installing /usr/local/share/perl5/site_perl/5.26/Log/Any/Adapter/Stderr.pm
Installing /usr/local/share/perl5/site_perl/5.26/Log/Any/Adapter/Stdout.pm
Installing /usr/local/share/perl5/site_perl/5.26/Log/Any/Adapter/Syslog.pm
Installing /usr/local/share/perl5/site_perl/5.26/Log/Any/Adapter/Test.pm
Installing /usr/local/share/perl5/site_perl/5.26/Log/Any/Adapter/Util.pm
Installing /usr/local/share/perl5/site_perl/5.26/Log/Any/Proxy/Null.pm
Installing /usr/local/share/perl5/site_perl/5.26/Log/Any/Proxy/Test.pm
Installing /usr/local/share/man/man3/Log.Any.3pm
Installing /usr/local/share/man/man3/Log.Any.Adapter.3pm
Installing /usr/local/share/man/man3/Log.Any.Adapter.Base.3pm
Installing /usr/local/share/man/man3/Log.Any.Adapter.Development.3pm
Installing /usr/local/share/man/man3/Log.Any.Adapter.File.3pm
Installing /usr/local/share/man/man3/Log.Any.Adapter.Null.3pm
Installing /usr/local/share/man/man3/Log.Any.Adapter.Stderr.3pm
Installing /usr/local/share/man/man3/Log.Any.Adapter.Stdout.3pm
Installing /usr/local/share/man/man3/Log.Any.Adapter.Syslog.3pm
Installing /usr/local/share/man/man3/Log.Any.Adapter.Test.3pm
Installing /usr/local/share/man/man3/Log.Any.Adapter.Util.3pm
Installing /usr/local/share/man/man3/Log.Any.Manager.3pm
Installing /usr/local/share/man/man3/Log.Any.Proxy.3pm
Installing /usr/local/share/man/man3/Log.Any.Proxy.Null.3pm
Installing /usr/local/share/man/man3/Log.Any.Proxy.Test.3pm
Installing /usr/local/share/man/man3/Log.Any.Test.3pm
Appending installation info to /usr/lib/perl5/5.26/x86_64-cygwin-threads/perllocal.pod
-> OK
Successfully installed Log-Any-1.705 (upgraded from 1.704)
Installing /usr/local/share/perl5/site_perl/5.26/x86_64-cygwin-threads-multi/.meta/Log-Any-1.705/install.json
Installing /usr/local/share/perl5/site_perl/5.26/x86_64-cygwin-threads-multi/.meta/Log-Any-1.705/MYMETA.json
Searching Log::Any::Adapter::Log4perl (0.08) on cpanmetadb ...
Log::Any::Adapter::Log4perl is up to date. (0.08)
Searching Log::Log4perl (1.46) on cpanmetadb ...
Log::Log4perl is up to date. (1.49)
Searching Log::Dispatch (2.54) on cpanmetadb ...
Log::Dispatch is up to date. (2.67)
Searching Log::Dispatch::FileRotate (1.19) on cpanmetadb ...
--> Working on Log::Dispatch::FileRotate
Fetching http://www.cpan.org/authors/id/M/MS/MSCHOUT/Log-Dispatch-FileRotate-1.34.tar.gz
-> OK
Unpacking Log-Dispatch-FileRotate-1.34.tar.gz
Entering Log-Dispatch-FileRotate-1.34
Checking configure dependencies from META.json
Checking if you have ExtUtils::MakeMaker 6.58 ... Yes (7.24)
Configuring Log-Dispatch-FileRotate-1.34
Running Makefile.PL
Checking if your kit is complete...
Looks good
Generating a Unix-style Makefile
Writing Makefile for Log::Dispatch::FileRotate
Writing MYMETA.yml and MYMETA.json
-> OK
Checking dependencies from MYMETA.json ...
Checking if you have warnings 0 ... Yes (1.37)
Checking if you have strict 0 ... Yes (1.11)
Checking if you have Test::More 0.88 ... Yes (1.302120)
Checking if you have Encode 0 ... Yes (2.88)
Checking if you have Test::Warn 0 ... Yes (0.32)
Checking if you have Date::Manip 0 ... Yes (6.60)
Checking if you have ExtUtils::MakeMaker 0 ... Yes (7.24)
Checking if you have Exporter 0 ... Yes (5.72)
Checking if you have Fcntl 0 ... Yes (1.13)
Checking if you have File::Spec 0 ... Yes (3.67)
Checking if you have utf8 0 ... Yes (1.19)
Checking if you have version 0 ... Yes (0.9917)
Checking if you have base 0 ... Yes (2.26)
Checking if you have Log::Dispatch::Output 0 ... Yes (2.67)
Checking if you have POSIX 0 ... Yes (1.76)
Checking if you have Log::Dispatch::File 0 ... Yes (2.67)
Checking if you have Path::Tiny 0.018 ... Yes (0.104)
Building and testing Log-Dispatch-FileRotate-1.34
cp lib/Log/Dispatch/FileRotate/Mutex.pm blib/lib/Log/Dispatch/FileRotate/Mutex.pm
cp lib/Log/Dispatch/FileRotate.pm blib/lib/Log/Dispatch/FileRotate.pm
cp lib/Log/Dispatch/FileRotate/Flock.pm blib/lib/Log/Dispatch/FileRotate/Flock.pm
Manifying 3 pod documents
PERL_DL_NONLAZY=1 "/usr/bin/perl.exe" "-MExtUtils::Command::MM" "-MTest::Harness" "-e" "undef *Test::Harness::Switches; test_harness(0, 'blib/lib', 'blib/arch')" t/*.t
t/author-lockfile-race-condition.t .. skipped: these tests are for testing by the author
t/author-pod-syntax.t ............... skipped: these tests are for testing by the author
t/author-signature.t ................ skipped: these tests are for testing by the author
ERROR: Date::Manip unable to determine Time Zone.

#   Failed test 'use Log::Dispatch::FileRotate;'
#   at t/basic.t line 15.
#     Tried to use 'Log::Dispatch::FileRotate'.
#     Error:  ERROR LOADING MODULE: Date::Manip::DM6 at /usr/local/share/perl5/site_perl/5.26/Date/Manip.pm line 35.
# Compilation failed in require at /home/CVIRTUCIO/.cpanm/work/1516280079.9676/Log-Dispatch-FileRotate-1.34/blib/lib/Log/Dispatch/FileRotate.pm line 10.
# BEGIN failed--compilation aborted at /home/CVIRTUCIO/.cpanm/work/1516280079.9676/Log-Dispatch-FileRotate-1.34/blib/lib/Log/Dispatch/FileRotate.pm line 10.
# Compilation failed in require at t/basic.t line 15.
# BEGIN failed--compilation aborted at t/basic.t line 15.

#   Failed test 'use Date::Manip;'
#   at t/basic.t line 16.
#     Tried to use 'Date::Manip'.
#     Error:  Attempt to reload Date/Manip.pm aborted.
# Compilation failed in require at t/basic.t line 16.
# BEGIN failed--compilation aborted at t/basic.t line 16.
# Unable to determine timezone! Lets see if it matters..
Undefined subroutine &main::DateCalc called at t/basic.t line 25.
# Tests were run but no plan was declared and done_testing() was not seen.
# Looks like your test exited with 255 just after 4.
t/basic.t ........................... 
Dubious, test returned 255 (wstat 65280, 0xff00)
Failed 2/4 subtests 

#   Failed test 'Expect a "Permission denied" error'
#   at t/file-open-failure.t line 51.
#                   ''
#     doesn't match '(?^:Cannot write to '.*myerrs.log': Permission denied)'
# Looks like you failed 1 test of 3.
t/file-open-failure.t ............... 
Dubious, test returned 1 (wstat 256, 0x100)
Failed 1/3 subtests 
t/lockfile-open-failure.t ........... ok
t/no-activity-bug.t ................. ok
t/sig-warn-deadlock.t ............... ok
t/size-with-underscore.t ............ ok

Test Summary Report
-------------------
t/basic.t                         (Wstat: 65280 Tests: 4 Failed: 2)
  Failed tests:  3-4
  Non-zero exit status: 255
  Parse errors: No plan found in TAP output
t/file-open-failure.t             (Wstat: 256 Tests: 3 Failed: 1)
  Failed test:  2
  Non-zero exit status: 1
Files=9, Tests=36, 27 wallclock secs ( 0.72 usr  0.66 sys +  5.77 cusr 18.96 csys = 26.11 CPU)
Result: FAIL
Failed 2/9 test programs. 3/36 subtests failed.
make: *** [Makefile:888: test_dynamic] Error 255
-> FAIL Installing Log::Dispatch::FileRotate failed. See /home/CVIRTUCIO/.cpanm/work/1516280079.9676/build.log for details. Retry with --force to force install it.
Searching LWP::Protocol::https (6.06) on cpanmetadb ...
LWP::Protocol::https is up to date. (6.07)
Searching LWP::UserAgent (6.15) on cpanmetadb ...
LWP::UserAgent is up to date. (6.31)
Searching Mail::Mailer (2.14) on cpanmetadb ...
Mail::Mailer is up to date. (2.19)
Searching Maven::Agent (1.14) on cpanmetadb ...
Maven::Agent is up to date. (1.14)
Searching Net::LDAP (0.65) on cpanmetadb ...
Net::LDAP is up to date. (0.65)
Searching Parallel::ForkManager (1.19) on cpanmetadb ...
Parallel::ForkManager is up to date. (1.19)
Searching Pod::Checker (1.71) on cpanmetadb ...
Pod::Checker is up to date. (1.73)
Searching Pod::Confluence (1.01) on cpanmetadb ...
Pod::Confluence is up to date. (1.01)
Searching Pod::Markdown (3.003) on cpanmetadb ...
Pod::Markdown is up to date. (3.005)
Searching Pod::Weaver (4.015) on cpanmetadb ...
Pod::Weaver is up to date. (4.015)
Searching Sort::Versions (1.62) on cpanmetadb ...
Sort::Versions is up to date. (1.62)
Searching Template::Resolver (1.13) on cpanmetadb ...
Template::Resolver is up to date. (1.16)
Searching Text::CSV (1.95) on cpanmetadb ...
Text::CSV is up to date. (1.95)
Searching XML::NamespaceSupport (1.11) on cpanmetadb ...
XML::NamespaceSupport is up to date. (1.12)
Searching XML::SAX (0.99) on cpanmetadb ...
XML::SAX is up to date. (0.99)
Searching XML::SAX::Writer (0.57) on cpanmetadb ...
XML::SAX::Writer is up to date. (0.57)
Searching XML::Saxtract (1.03) on cpanmetadb ...
XML::Saxtract is up to date. (1.03)
Searching XML::LibXML (2.0123) on cpanmetadb ...
XML::LibXML is up to date. (2.0132)
Searching XML::LibXML::PrettyPrint (0.006) on cpanmetadb ...
XML::LibXML::PrettyPrint is up to date. (0.006)
Searching YAML::XS (0.67) on cpanmetadb ...
YAML::XS is up to date. (0.69)
1 distribution installed
