cpanm (App::cpanminus) 1.7043 on perl 5.026001 built for x86_64-cygwin-threads-multi
Work directory is /home/CVIRTUCIO/.cpanm/work/1516116163.20920
You have make /usr/bin/make
You have LWP 6.31
You have /usr/bin/tar: tar (GNU tar) 1.29
Packaged by Cygwin (1.29-1)
Copyright (C) 2015 Free Software Foundation, Inc.
License GPLv3+: GNU GPL version 3 or later <http://gnu.org/licenses/gpl.html>.
This is free software: you are free to change and redistribute it.
There is NO WARRANTY, to the extent permitted by law.

Written by John Gilmore and Jay Fenlason.
You have /usr/bin/unzip
Searching Fatal (2.29) on cpanmetadb ...
Fatal is up to date. (2.29)
Searching Archive::Extract::Libarchive (0.38) on cpanmetadb ...
Archive::Extract::Libarchive is up to date. (0.38)
Searching Archive::Zip (1.56) on cpanmetadb ...
Archive::Zip is up to date. (1.60)
Searching Class::Accessor (0.34) on cpanmetadb ...
Class::Accessor is up to date. (0.51)
Searching Config::Any::Properties (0.001001) on cpanmetadb ...
Config::Any::Properties is up to date. (0.001001)
Searching Config::Entities (1.07) on cpanmetadb ...
Config::Entities is up to date. (1.07)
Searching Config::Tiny (2.23) on cpanmetadb ...
Config::Tiny is up to date. (2.23)
Searching Date::Parse (2.30) on cpanmetadb ...
Date::Parse is up to date. (2.30)
Searching DateTime (1.26) on cpanmetadb ...
--> Working on DateTime
Fetching http://www.cpan.org/authors/id/D/DR/DROLSKY/DateTime-1.45.tar.gz
-> OK
Unpacking DateTime-1.45.tar.gz
Entering DateTime-1.45
Checking configure dependencies from META.json
Checking if you have ExtUtils::MakeMaker 6.58 ... Yes (7.24)
Checking if you have Dist::CheckConflicts 0.02 ... Yes (0.11)
Configuring DateTime-1.45
Running Makefile.PL
Checking if your kit is complete...
Looks good
Generating a Unix-style Makefile
Writing Makefile for DateTime
Writing MYMETA.yml and MYMETA.json
-> OK
Checking dependencies from MYMETA.json ...
Checking if you have Specio::Library::Builtins 0 ... Yes (0.42)
Checking if you have Specio 0.18 ... Yes (0.42)
Checking if you have Carp 0 ... Yes (1.42)
Checking if you have Specio::Declare 0 ... Yes (0.42)
Checking if you have namespace::autoclean 0.19 ... Yes (0.28)
Checking if you have Try::Tiny 0 ... Yes (0.30)
Checking if you have parent 0 ... Yes (0.236)
Checking if you have Storable 0 ... Yes (2.62)
Checking if you have integer 0 ... Yes (1.01)
Checking if you have Specio::Exporter 0 ... Yes (0.42)
Checking if you have CPAN::Meta::Requirements 0 ... Yes (2.140)
Checking if you have warnings::register 0 ... Yes (1.04)
Checking if you have Params::ValidationCompiler 0.26 ... Yes (0.26)
Checking if you have DateTime::Locale 1.06 ... Yes (1.17)
Checking if you have XSLoader 0 ... Yes (0.27)
Checking if you have ExtUtils::MakeMaker 0 ... Yes (7.24)
Checking if you have DateTime::TimeZone 2.02 ... Yes (2.15)
Checking if you have Scalar::Util 0 ... Yes (1.46_02)
Checking if you have utf8 0 ... Yes (1.19)
Checking if you have strict 0 ... Yes (1.11)
Checking if you have POSIX 0 ... Yes (1.76)
Checking if you have base 0 ... Yes (2.26)
Checking if you have Test::More 0.96 ... Yes (1.302120)
Checking if you have warnings 0 ... Yes (1.37)
Checking if you have Test::Warnings 0.005 ... Yes (0.026)
Checking if you have File::Spec 0 ... Yes (3.67)
Checking if you have overload 0 ... Yes (1.28)
Checking if you have Test::Fatal 0 ... Yes (0.014)
Checking if you have Dist::CheckConflicts 0.02 ... Yes (0.11)
Checking if you have CPAN::Meta::Check 0.011 ... Yes (0.014)
Checking if you have Specio::Library::Numeric 0 ... Yes (0.42)
Checking if you have Specio::Library::String 0 ... Yes (0.42)
Building and testing DateTime-1.45
cp lib/DateTime/Conflicts.pm blib/lib/DateTime/Conflicts.pm
cp lib/DateTime/LeapSecond.pm blib/lib/DateTime/LeapSecond.pm
cp lib/DateTime/PP.pm blib/lib/DateTime/PP.pm
cp lib/DateTime/Duration.pm blib/lib/DateTime/Duration.pm
cp lib/DateTime/PPExtra.pm blib/lib/DateTime/PPExtra.pm
cp lib/DateTime/Types.pm blib/lib/DateTime/Types.pm
cp lib/DateTime/Infinite.pm blib/lib/DateTime/Infinite.pm
cp lib/DateTime/Helpers.pm blib/lib/DateTime/Helpers.pm
cp lib/DateTime.pm blib/lib/DateTime.pm
Running Mkbootstrap for DateTime ()
chmod 644 "DateTime.bs"
"/usr/bin/perl.exe" -MExtUtils::Command::MM -e 'cp_nonempty' -- DateTime.bs blib/arch/auto/DateTime/DateTime.bs 644
"/usr/bin/perl.exe" "/usr/share/perl5/5.26/ExtUtils/xsubpp"  -typemap '/usr/share/perl5/5.26/ExtUtils/typemap'  DateTime.xs > DateTime.xsc
mv DateTime.xsc DateTime.c
gcc -c   -DPERL_USE_SAFE_PUTENV -U__STRICT_ANSI__ -D_GNU_SOURCE -ggdb -O2 -pipe -Wimplicit-function-declaration -fdebug-prefix-map=/mnt/share/maint/perl.x86_64/build=/usr/src/debug/perl-5.26.1-1 -fdebug-prefix-map=/mnt/share/maint/perl.x86_64/src/perl-5.26.1=/usr/src/debug/perl-5.26.1-1 -fwrapv -fno-strict-aliasing -fstack-protector-strong -D_FORTIFY_SOURCE=2 -DUSEIMPORTLIB -O3   -DVERSION=\"1.45\" -DXS_VERSION=\"1.45\"  "-I/usr/lib/perl5/5.26/x86_64-cygwin-threads/CORE"   DateTime.c
rm -f blib/arch/auto/DateTime/DateTime.dll
g++  --shared  -Wl,--enable-auto-import -Wl,--export-all-symbols -Wl,--enable-auto-image-base -fstack-protector-strong DateTime.o  -o blib/arch/auto/DateTime/DateTime.dll  \
  /usr/lib/perl5/5.26/x86_64-cygwin-threads/CORE/cygperl5_26.dll    \
  
chmod 755 blib/arch/auto/DateTime/DateTime.dll
Manifying 5 pod documents
"/usr/bin/perl.exe" -MExtUtils::Command::MM -e 'cp_nonempty' -- DateTime.bs blib/arch/auto/DateTime/DateTime.bs 644
PERL_DL_NONLAZY=1 "/usr/bin/perl.exe" "-MExtUtils::Command::MM" "-MTest::Harness" "-e" "undef *Test::Harness::Switches; test_harness(0, 'blib/lib', 'blib/arch')" t/*.t
# 
# Versions for all modules listed in MYMETA.json (including optional ones):
# 
# === Configure Requires ===
# 
#     Module               Want Have
#     -------------------- ---- ----
#     Dist::CheckConflicts 0.02 0.11
#     ExtUtils::MakeMaker   any 7.24
# 
# === Configure Suggests ===
# 
#     Module      Want       Have
#     -------- ------- ----------
#     JSON::PP 2.27300 2.27400_02
# 
# === Build Requires ===
# 
#     Module              Want Have
#     ------------------- ---- ----
#     ExtUtils::MakeMaker  any 7.24
# 
# === Test Requires ===
# 
#     Module                    Want     Have
#     ------------------------ ----- --------
#     CPAN::Meta::Check        0.011    0.014
#     CPAN::Meta::Requirements   any    2.140
#     ExtUtils::MakeMaker        any     7.24
#     File::Spec                 any     3.67
#     Storable                   any     2.62
#     Test::Fatal                any    0.014
#     Test::More                0.96 1.302120
#     Test::Warnings           0.005    0.026
#     utf8                       any     1.19
# 
# === Test Recommends ===
# 
#     Module         Want     Have
#     ---------- -------- --------
#     CPAN::Meta 2.120900 2.150010
# 
# === Runtime Requires ===
# 
#     Module                     Want    Have
#     -------------------------- ---- -------
#     Carp                        any    1.42
#     DateTime::Locale           1.06    1.17
#     DateTime::TimeZone         2.02    2.15
#     Dist::CheckConflicts       0.02    0.11
#     POSIX                       any    1.76
#     Params::ValidationCompiler 0.26    0.26
#     Scalar::Util                any 1.46_02
#     Specio                     0.18    0.42
#     Specio::Declare             any    0.42
#     Specio::Exporter            any    0.42
#     Specio::Library::Builtins   any    0.42
#     Specio::Library::Numeric    any    0.42
#     Specio::Library::String     any    0.42
#     Try::Tiny                   any    0.30
#     XSLoader                    any    0.27
#     base                        any    2.26
#     integer                     any    1.01
#     namespace::autoclean       0.19    0.28
#     overload                    any    1.28
#     parent                      any   0.236
#     strict                      any    1.11
#     warnings                    any    1.37
#     warnings::register          any    1.04
# 
t/00-report-prereqs.t .... ok
t/00load.t ............... ok
t/01sanity.t ............. ok
t/02last-day.t ........... ok
t/03components.t ......... ok
t/04epoch.t .............. ok
t/05set.t ................ ok
t/06add.t ................ ok
t/07compare.t ............ ok
t/09greg.t ............... ok
t/10subtract.t ........... ok
t/11duration.t ........... ok
t/12week.t ............... ok
t/13strftime.t ........... ok
t/14locale.t ............. ok
t/15jd.t ................. ok
t/16truncate.t ........... ok
t/17set-return.t ......... ok
t/18today.t .............. ok
t/19leap-second.t ........ ok
t/20infinite.t ........... ok
t/21bad-params.t ......... ok
t/22from-doy.t ........... ok
t/23storable.t ........... ok
t/24from-object.t ........ ok
t/25add-subtract.t ....... ok
t/26dt-leapsecond-pm.t ... ok
t/27delta.t .............. ok
t/28dow.t ................ ok
t/29overload.t ........... ok
t/30future-tz.t .......... ok
t/31formatter.t .......... ok
t/32leap-second2.t ....... ok
t/33seconds-offset.t ..... ok
t/34set-tz.t ............. ok
t/35rd-values.t .......... ok
t/36invalid-local.t ...... ok
t/37local-add.t .......... ok
t/38local-subtract.t ..... ok
t/39no-so.t .............. ok
t/40leap-years.t ......... ok
t/41cldr-format.t ........ ok
t/42duration-class.t ..... ok
t/43new-params.t ......... ok
t/44set-formatter.t ...... ok
t/45core-time.t .......... ok
t/46warnings.t ........... ok
t/47default-time-zone.t .. ok
t/48rt-115983.t .......... ok
t/zzz-check-breaks.t ..... ok
All tests successful.
Files=50, Tests=3559, 183 wallclock secs ( 2.86 usr  1.11 sys + 42.33 cusr 125.06 csys = 171.36 CPU)
Result: PASS
"/usr/bin/perl.exe" -MExtUtils::Command::MM -e 'cp_nonempty' -- DateTime.bs blib/arch/auto/DateTime/DateTime.bs 644
Manifying 5 pod documents
Files found in blib/arch: installing files in blib/lib into architecture dependent library tree
Installing /usr/local/lib/perl5/site_perl/5.26/x86_64-cygwin-threads/auto/DateTime/DateTime.dll
Installing /usr/local/lib/perl5/site_perl/5.26/x86_64-cygwin-threads/DateTime.pm
Installing /usr/local/lib/perl5/site_perl/5.26/x86_64-cygwin-threads/DateTime/Duration.pm
Installing /usr/local/lib/perl5/site_perl/5.26/x86_64-cygwin-threads/DateTime/Helpers.pm
Installing /usr/local/lib/perl5/site_perl/5.26/x86_64-cygwin-threads/DateTime/Infinite.pm
Installing /usr/local/lib/perl5/site_perl/5.26/x86_64-cygwin-threads/DateTime/LeapSecond.pm
Installing /usr/local/lib/perl5/site_perl/5.26/x86_64-cygwin-threads/DateTime/PP.pm
Installing /usr/local/lib/perl5/site_perl/5.26/x86_64-cygwin-threads/DateTime/PPExtra.pm
Installing /usr/local/lib/perl5/site_perl/5.26/x86_64-cygwin-threads/DateTime/Types.pm
Installing /usr/local/share/man/man3/DateTime.3pm
Installing /usr/local/share/man/man3/DateTime.Duration.3pm
Installing /usr/local/share/man/man3/DateTime.Infinite.3pm
Installing /usr/local/share/man/man3/DateTime.LeapSecond.3pm
Installing /usr/local/share/man/man3/DateTime.Types.3pm
Appending installation info to /usr/lib/perl5/5.26/x86_64-cygwin-threads/perllocal.pod
-> OK
Successfully installed DateTime-1.45 (upgraded from 1.44)
Installing /usr/local/share/perl5/site_perl/5.26/x86_64-cygwin-threads-multi/.meta/DateTime-1.45/install.json
Installing /usr/local/share/perl5/site_perl/5.26/x86_64-cygwin-threads-multi/.meta/DateTime-1.45/MYMETA.json
Searching DateTime::Format::DBI (0.041) on cpanmetadb ...
DateTime::Format::DBI is up to date. (0.041)
Searching DateTime::Format::ISO8601 (0.08) on cpanmetadb ...
DateTime::Format::ISO8601 is up to date. (0.08)
Searching DateTime::Format::DateParse (0.05) on cpanmetadb ...
--> Working on DateTime::Format::DateParse
Fetching http://www.cpan.org/authors/id/J/JH/JHOBLITT/DateTime-Format-DateParse-0.05.tar.gz
-> OK
Unpacking DateTime-Format-DateParse-0.05.tar.gz
Entering DateTime-Format-DateParse-0.05
Checking configure dependencies from META.yml
Checking if you have Module::Build 0.38 ... Yes (0.4224)
Checking if you have ExtUtils::Install 1.46 ... Yes (2.04)
Configuring DateTime-Format-DateParse-0.05
Running Build.PL
Created MYMETA.yml and MYMETA.json
Creating new 'Build' script for 'DateTime-Format-DateParse' version '0.05'
-> OK
Checking dependencies from MYMETA.json ...
Checking if you have DateTime 0.29 ... Yes (1.45)
Checking if you have Time::Zone 2.22 ... Yes (2.24)
Checking if you have Date::Parse 2.27 ... Yes (2.30)
Checking if you have DateTime::TimeZone 0.27 ... Yes (2.15)
Building and testing DateTime-Format-DateParse-0.05
Cannot find "DateTime" in podpath: cannot find suitable replacement path, cannot resolve link
Cannot find "parse_datetime" in podpath: cannot find suitable replacement path, cannot resolve link
Cannot find "DateTime" in podpath: cannot find suitable replacement path, cannot resolve link
Cannot find "parse_datetime" in podpath: cannot find suitable replacement path, cannot resolve link
Cannot find "parse_datetime" in podpath: cannot find suitable replacement path, cannot resolve link
Cannot find "DateTime" in podpath: cannot find suitable replacement path, cannot resolve link
Cannot find "DateTime::TimeZone::Alias" in podpath: cannot find suitable replacement path, cannot resolve link
Cannot find "perlartistic" in podpath: using pods::perlartistic as replacement path to perlartistic
Cannot find "perlgpl" in podpath: using pods::perlgpl as replacement path to perlgpl
Cannot find "DateTime" in podpath: cannot find suitable replacement path, cannot resolve link
Cannot find "DateTime::TimeZone::Alias" in podpath: cannot find suitable replacement path, cannot resolve link
Building DateTime-Format-DateParse
t/01_load.t ..... ok
t/02_date.t ..... ok
t/03_getdate.t .. ok
All tests successful.
Files=3, Tests=261,  9 wallclock secs ( 0.30 usr  0.45 sys +  1.70 cusr  6.40 csys =  8.85 CPU)
Result: PASS
Building DateTime-Format-DateParse
Installing /usr/local/share/perl5/site_perl/5.26/DateTime/Format/DateParse.pm
Installing /usr/local/share/perl5/site_perl/5.26/DateTime/Format/DateParse.pod
Installing /usr/local/share/man/man3/DateTime.Format.DateParse.3pm
Installing /usr/local/share/doc/perl/html/html3/site/lib/DateTime/Format/DateParse.html
-> OK
Successfully installed DateTime-Format-DateParse-0.05
Installing /usr/local/share/perl5/site_perl/5.26/x86_64-cygwin-threads-multi/.meta/DateTime-Format-DateParse-0.05/install.json
Installing /usr/local/share/perl5/site_perl/5.26/x86_64-cygwin-threads-multi/.meta/DateTime-Format-DateParse-0.05/MYMETA.json
Searching DBI (1.634) on cpanmetadb ...
DBI is up to date. (1.639)
Searching DBD::mysql (4.033) on cpanmetadb ...
DBD::mysql is up to date. (4.043)
Searching DBD::Pg (3.5.3) on cpanmetadb ...
DBD::Pg is up to date. (3.7.0)
Searching File::Copy::Recursive (0.38) on cpanmetadb ...
--> Working on File::Copy::Recursive
Fetching http://www.cpan.org/authors/id/D/DM/DMUEY/File-Copy-Recursive-0.39.tar.gz
-> OK
Unpacking File-Copy-Recursive-0.39.tar.gz
Entering File-Copy-Recursive-0.39
Checking configure dependencies from META.json
Checking if you have ExtUtils::MakeMaker 6.58 ... Yes (7.24)
Configuring File-Copy-Recursive-0.39
Running Makefile.PL
Warning: prerequisite Path::Iter 0 not found.
Warning: prerequisite Test::File 0 not found.
Checking if your kit is complete...
Looks good
Generating a Unix-style Makefile
Writing Makefile for File::Copy::Recursive
Writing MYMETA.yml and MYMETA.json
-> OK
Checking dependencies from MYMETA.json ...
Checking if you have Path::Iter 0 ... No
Checking if you have Test::Warn 0 ... Yes (0.32)
Checking if you have File::Spec 0 ... Yes (3.67)
Checking if you have File::Glob 0 ... Yes (1.28)
Checking if you have Test::File 0 ... No
Checking if you have File::Copy 0 ... Yes (2.32)
Checking if you have Test::Exception 0 ... Yes (0.43)
Checking if you have Cwd 0 ... Yes (3.67)
Checking if you have File::Temp 0 ... Yes (0.2304)
Checking if you have Test::More 0 ... Yes (1.302120)
Checking if you have File::Slurp 0 ... Yes (9999.19)
Checking if you have Test::Deep 0 ... Yes (1.127)
Checking if you have ExtUtils::MakeMaker 0 ... Yes (7.24)
==> Found dependencies: Path::Iter, Test::File
Searching Path::Iter (0) on cpanmetadb ...
--> Working on Path::Iter
Fetching http://www.cpan.org/authors/id/D/DM/DMUEY/Path-Iter-0.2.tar.gz
-> OK
Unpacking Path-Iter-0.2.tar.gz
Entering Path-Iter-0.2
Checking configure dependencies from META.yml
Configuring Path-Iter-0.2
Running Makefile.PL
Checking if your kit is complete...
Warning: the following files are missing in your kit:
	t/path/
	t/path/dir.a/
	t/path/dir.a/dir.a
	t/path/dir.a/dir.b
Please inform the author.
Generating a Unix-style Makefile
Writing Makefile for Path::Iter
Writing MYMETA.yml and MYMETA.json
-> OK
Checking dependencies from MYMETA.json ...
Checking if you have ExtUtils::MakeMaker 0 ... Yes (7.24)
Checking if you have Test::More 0 ... Yes (1.302120)
Building and testing Path-Iter-0.2
cp lib/Path/Iter.pm blib/lib/Path/Iter.pm
cp lib/Path/Iter.pod blib/lib/Path/Iter.pod
Manifying 1 pod document
PERL_DL_NONLAZY=1 "/usr/bin/perl.exe" "-MExtUtils::Command::MM" "-MTest::Harness" "-e" "undef *Test::Harness::Switches; test_harness(0, 'blib/lib', 'blib/arch')" t/*.t
# Testing Path::Iter 0.2
t/00.load.t ....... ok
t/perlcritic.t .... skipped: Test::Perl::Critic required for testing PBP compliance
t/pod-coverage.t .. skipped: Test::Pod::Coverage 1.04 required for testing POD coverage
t/pod.t ........... skipped: Test::Pod 1.14 required for testing POD
All tests successful.
Files=4, Tests=14,  6 wallclock secs ( 0.30 usr  0.45 sys +  0.84 cusr  4.09 csys =  5.68 CPU)
Result: PASS
Manifying 1 pod document
Installing /usr/local/share/perl5/site_perl/5.26/Path/Iter.pm
Installing /usr/local/share/perl5/site_perl/5.26/Path/Iter.pod
Installing /usr/local/share/man/man3/Path.Iter.3pm
Appending installation info to /usr/lib/perl5/5.26/x86_64-cygwin-threads/perllocal.pod
-> OK
Successfully installed Path-Iter-0.2
Installing /usr/local/share/perl5/site_perl/5.26/x86_64-cygwin-threads-multi/.meta/Path-Iter-0.2/install.json
Installing /usr/local/share/perl5/site_perl/5.26/x86_64-cygwin-threads-multi/.meta/Path-Iter-0.2/MYMETA.json
Searching Test::File (0) on cpanmetadb ...
--> Working on Test::File
Fetching http://www.cpan.org/authors/id/B/BD/BDFOY/Test-File-1.443.tar.gz
-> OK
Unpacking Test-File-1.443.tar.gz
Entering Test-File-1.443
Checking configure dependencies from META.json
Checking if you have File::Spec::Functions 0 ... Yes (3.67)
Checking if you have ExtUtils::MakeMaker 6.64 ... Yes (7.24)
Configuring Test-File-1.443
Running Makefile.PL
Warning: prerequisite Test::utf8 0 not found.
Checking if your kit is complete...
Looks good
Generating a Unix-style Makefile
Writing Makefile for Test::File
Writing MYMETA.yml and MYMETA.json
-> OK
Checking dependencies from MYMETA.json ...
Checking if you have Test::utf8 0 ... No
Checking if you have Test::Builder::Tester 1.04 ... Yes (1.302120)
Checking if you have Test::Builder 1.001006 ... Yes (1.302120)
Checking if you have Test::More 0.95 ... Yes (1.302120)
==> Found dependencies: Test::utf8
Searching Test::utf8 (0) on cpanmetadb ...
--> Working on Test::utf8
Fetching http://www.cpan.org/authors/id/M/MA/MARKF/Test-utf8-1.01.tar.gz
-> OK
Unpacking Test-utf8-1.01.tar.gz
Entering Test-utf8-1.01
Checking configure dependencies from META.yml
Checking if you have ExtUtils::MakeMaker 6.59 ... Yes (7.24)
Configuring Test-utf8-1.01
Running Makefile.PL
Checking if your kit is complete...
Looks good
Generating a Unix-style Makefile
Writing Makefile for Test::utf8
Writing MYMETA.yml and MYMETA.json
-> OK
Checking dependencies from MYMETA.json ...
Checking if you have Test::Builder 0 ... Yes (1.302120)
Checking if you have ExtUtils::MakeMaker 0 ... Yes (7.24)
Checking if you have Test::Builder::Tester 0.09 ... Yes (1.302120)
Building and testing Test-utf8-1.01
cp lib/Test/utf8.pm blib/lib/Test/utf8.pm
Manifying 1 pod document
PERL_DL_NONLAZY=1 "/usr/bin/perl.exe" "-MExtUtils::Command::MM" "-MTest::Harness" "-e" "undef *Test::Harness::Switches; test_harness(0, 'inc', 'blib/lib', 'blib/arch')" t/*.t
t/01basic.t ....... ok
t/02invalid.t ..... ok
t/03deu.t ......... ok
t/04ascii.t ....... ok
t/05latin1.t ...... ok
t/06flag.t ........ ok
t/07valid_docu.t .. ok
All tests successful.
Files=7, Tests=44, 14 wallclock secs ( 0.50 usr  0.44 sys +  2.45 cusr  9.51 csys = 12.89 CPU)
Result: PASS
Manifying 1 pod document
Installing /usr/local/share/perl5/site_perl/5.26/Test/utf8.pm
Installing /usr/local/share/man/man3/Test.utf8.3pm
Appending installation info to /usr/lib/perl5/5.26/x86_64-cygwin-threads/perllocal.pod
-> OK
Successfully installed Test-utf8-1.01
Installing /usr/local/share/perl5/site_perl/5.26/x86_64-cygwin-threads-multi/.meta/Test-utf8-1.01/install.json
Installing /usr/local/share/perl5/site_perl/5.26/x86_64-cygwin-threads-multi/.meta/Test-utf8-1.01/MYMETA.json
Building and testing Test-File-1.443
cp lib/Test/File.pm blib/lib/Test/File.pm
Manifying 1 pod document
PERL_DL_NONLAZY=1 "/usr/bin/perl.exe" "-MExtUtils::Command::MM" "-MTest::Harness" "-e" "undef *Test::Harness::Switches; test_harness(0, 'blib/lib', 'blib/arch')" t/*.t
    # MSWin32
    # Looks like you planned 0 tests but ran 2.
    # Looks like you planned 0 tests but ran 2.
t/dm_skeleton.t ............... ok

#   Failed test at t/file_contains.t line 37.
# STDERR is:
# > #   Failed test 'not_readable contains (?^:(?mx:^ xxxxxxxxxxx    $))'
# > #   at t/file_contains.t line 36.
# > #                   ''
# > #     doesn't match '(?^:(?mx:^ xxxxxxxxxxx    $))'
# not:
# > # File [not_readable] is not readable!
# > /#\s+Failed\ test.*?\n?.*?at\ t\/file_contains\.t line 36.*\n?/
# > 
# > 
# as expected

#   Failed test at t/file_contains.t line 65.
# STDOUT is:
# > ok 1 - not_readable doesn't contain (?^:(?mx:^ xxxxxxxxxxxxxxxxxxxx $))
# not:
# > not ok 1 - not_readable doesn't contain (?^:(?mx:^ xxxxxxxxxxxxxxxxxxxx $))
# as expected
# STDERR is:
# > 
# > 
# not:
# > # File [not_readable] is not readable!
# > /#\s+Failed\ test.*?\n?.*?at\ t\/file_contains\.t line 64.*\n?/
# as expected

#   Failed test at t/file_contains.t line 99.
# STDOUT is:
#   not ok 1 - not_readable contains (?^:(?mx:^ xxxxxxxxxxx    $))
# > not ok 2 - not_readable contains (?^:(?mx:^ xxxxxxxxxxxxxxxxxxxxxxxxxxxxxxxxxxxxxxxx    $))
# not:
#   not ok 1 - not_readable contains (?^:(?mx:^ xxxxxxxxxxx    $))
# > 
# as expected
# STDERR is:
# > #   Failed test 'not_readable contains (?^:(?mx:^ xxxxxxxxxxx    $))'
# > #   at t/file_contains.t line 98.
# > #                   ''
# > #     doesn't match '(?^:(?mx:^ xxxxxxxxxxx    $))'
# > #   Failed test 'not_readable contains (?^:(?mx:^ xxxxxxxxxxxxxxxxxxxxxxxxxxxxxxxxxxxxxxxx    $))'
# > #   at t/file_contains.t line 98.
# > #                   ''
# > #     doesn't match '(?^:(?mx:^ xxxxxxxxxxxxxxxxxxxxxxxxxxxxxxxxxxxxxxxx    $))'
# not:
# > # File [not_readable] is not readable!
# > /#\s+Failed\ test.*?\n?.*?at\ t\/file_contains\.t line 98.*\n?/
# > 
# > 
# > 
# > 
# > 
# > 
# as expected

#   Failed test at t/file_contains.t line 134.
# STDOUT is:
# > ok 1 - not_readable doesn't contain (?^:(?mx:^ xxxxxxxxxxxxxxxxxxxx $))
# > ok 2 - not_readable doesn't contain (?^:(?mx:^ xxxxxxxxxxxxxxxxxxxx $))
# not:
# > not ok 1 - not_readable doesn't contain (?^:(?mx:^ xxxxxxxxxxxxxxxxxxxx $))
# > 
# as expected
# STDERR is:
# > 
# > 
# not:
# > # File [not_readable] is not readable!
# > /#\s+Failed\ test.*?\n?.*?at\ t\/file_contains\.t line 133.*\n?/
# as expected
t/file_contains.t ............. 
Failed 4/23 subtests 
t/file_contains_encoded.t ..... ok
t/file_contains_utf8.t ........ ok
t/file_mtime.t ................ ok
    # Looks like you planned 0 tests but ran 5.
    # Looks like you planned 0 tests but ran 7.
    # Looks like you planned 0 tests but ran 6.
t/file_sizes.t ................ ok
    # Looks like you planned 0 tests but ran 5.
    # Looks like you planned 0 tests but ran 6.
    # Looks like you planned 0 tests but ran 4.
    # Looks like you planned 0 tests but ran 4.
t/line_counters.t ............. ok
    # Looks like you planned 0 tests but ran 2.
    # Looks like you planned 0 tests but ran 3.
t/link_counts.t ............... ok
    # Looks like you planned 0 tests but ran 8.
    # Looks like you planned 0 tests but ran 12.
    # Looks like you planned 0 tests but ran 7.
    # Looks like you planned 0 tests but ran 2.
    # Looks like you planned 0 tests but ran 1.
    # Looks like you planned 0 tests but ran 1.
t/links.t ..................... ok
t/load.t ...................... ok
t/normalize.t ................. ok
t/obviously_non_multi_user.t .. ok
t/owner.t ..................... ok
t/pod.t ....................... skipped: Test::Pod 1.00 required for testing POD
t/pod_coverage.t .............. skipped: Test::Pod::Coverage required for testing POD
t/test_dirs.t ................. ok

#   Failed test at t/test_files.t line 33.
# STDOUT is:
# > not ok 1 - writeable is not readable
# not:
# > ok 1 - writeable is not readable
# as expected
# STDERR is:
# > # File [writeable] is readable!
# > #   Failed test 'writeable is not readable'
# > #   at t/test_files.t line 32.
# not:
# > 
# > 
# > 
# as expected

#   Failed test at t/test_files.t line 44.
# STDOUT is:
# > not ok 1 - readable is not writeable
# not:
# > ok 1 - readable is not writeable
# as expected
# STDERR is:
# > # File [readable] is writeable!
# > #   Failed test 'readable is not writeable'
# > #   at t/test_files.t line 43.
# not:
# > 
# > 
# > 
# as expected
t/test_files.t ................ 
Failed 2/23 subtests 
    # Looks like you planned 0 tests but ran 4.
t/win32.t ..................... ok

Test Summary Report
-------------------
t/file_contains.t           (Wstat: 0 Tests: 23 Failed: 4)
  Failed tests:  8, 12, 17, 22
t/test_files.t              (Wstat: 0 Tests: 23 Failed: 2)
  Failed tests:  9, 11
Files=18, Tests=189, 33 wallclock secs ( 1.19 usr  0.50 sys +  7.28 cusr 22.78 csys = 31.75 CPU)
Result: FAIL
Failed 2/18 test programs. 6/189 subtests failed.
make: *** [Makefile:898: test_dynamic] Error 255
-> FAIL Installing Test::File failed. See /home/CVIRTUCIO/.cpanm/work/1516116163.20920/build.log for details. Retry with --force to force install it.
-> FAIL Installing the dependencies failed: Module 'Test::File' is not installed
-> FAIL Bailing out the installation for File-Copy-Recursive-0.39.
Searching File::ShareDir (1.102) on cpanmetadb ...
File::ShareDir is up to date. (1.104)
Searching Git (0.41) on cpanmetadb ...
Git is up to date. (0.42)
Searching HTML::TreeBuilder::XPath (0.14) on cpanmetadb ...
HTML::TreeBuilder::XPath is up to date. (0.14)
Searching Footprintless (1.26) on cpanmetadb ...
Footprintless is up to date. (1.26)
Searching Footprintless::Plugin::Atlassian::Confluence (1.03) on cpanmetadb ...
Footprintless::Plugin::Atlassian::Confluence is up to date. (1.03)
Searching Footprintless::Plugin::Database (1.01) on cpanmetadb ...
--> Working on Footprintless::Plugin::Database
Fetching http://www.cpan.org/authors/id/L/LT/LTHEISEN/Footprintless-Plugin-Database-1.04.tar.gz
-> OK
Unpacking Footprintless-Plugin-Database-1.04.tar.gz
Entering Footprintless-Plugin-Database-1.04
Checking configure dependencies from META.json
Checking if you have ExtUtils::MakeMaker 6.58 ... Yes (7.24)
Configuring Footprintless-Plugin-Database-1.04
Running Makefile.PL
Checking if your kit is complete...
Looks good
Generating a Unix-style Makefile
Writing Makefile for Footprintless::Plugin::Database
Writing MYMETA.yml and MYMETA.json
-> OK
Checking dependencies from MYMETA.json ...
Checking if you have DBD::CSV 0.49 ... Yes (0.49)
Checking if you have ExtUtils::MakeMaker 0 ... Yes (7.24)
Checking if you have DBI 1.636 ... Yes (1.639)
Checking if you have Footprintless 1.12 ... Yes (1.26)
Checking if you have File::Spec 0 ... Yes (3.67)
Checking if you have Test::More 0.90 ... Yes (1.302120)
Building and testing Footprintless-Plugin-Database-1.04
cp lib/Footprintless/Plugin/Database/Command/db/restore.pm blib/lib/Footprintless/Plugin/Database/Command/db/restore.pm
cp lib/Footprintless/Plugin/Database/AbstractProvider.pm blib/lib/Footprintless/Plugin/Database/AbstractProvider.pm
cp lib/Footprintless/Plugin/Database/Command/db.pm blib/lib/Footprintless/Plugin/Database/Command/db.pm
cp lib/Footprintless/Plugin/Database/PostgreSqlProvider.pm blib/lib/Footprintless/Plugin/Database/PostgreSqlProvider.pm
cp lib/Footprintless/Plugin/Database/Command/db/copy_to.pm blib/lib/Footprintless/Plugin/Database/Command/db/copy_to.pm
cp lib/Footprintless/Plugin/Database.pm blib/lib/Footprintless/Plugin/Database.pm
cp lib/Footprintless/Plugin/Database/MySqlProvider.pm blib/lib/Footprintless/Plugin/Database/MySqlProvider.pm
cp lib/Footprintless/Plugin/Database/CsvProvider.pm blib/lib/Footprintless/Plugin/Database/CsvProvider.pm
cp lib/Footprintless/Plugin/Database/Command/db/client.pm blib/lib/Footprintless/Plugin/Database/Command/db/client.pm
cp lib/Footprintless/Plugin/Database/SqlShellAdapter.pm blib/lib/Footprintless/Plugin/Database/SqlShellAdapter.pm
cp lib/Footprintless/Plugin/Database/Command/db/backup.pm blib/lib/Footprintless/Plugin/Database/Command/db/backup.pm
cp lib/Footprintless/Plugin/Database/OracleProvider.pm blib/lib/Footprintless/Plugin/Database/OracleProvider.pm
cp lib/Footprintless/Plugin/Database/DefaultCommandHelper.pm blib/lib/Footprintless/Plugin/Database/DefaultCommandHelper.pm
cp lib/Footprintless/Plugin/Database/PreparedStatementTemplate.pm blib/lib/Footprintless/Plugin/Database/PreparedStatementTemplate.pm
Manifying 14 pod documents
PERL_DL_NONLAZY=1 "/usr/bin/perl.exe" "-MExtUtils::Command::MM" "-MTest::Harness" "-e" "undef *Test::Harness::Switches; test_harness(0, 'blib/lib', 'blib/arch')" t/*.t
# 
# Versions for all modules listed in MYMETA.json (including optional ones):
# 
# === Configure Requires ===
# 
#     Module              Want Have
#     ------------------- ---- ----
#     ExtUtils::MakeMaker  any 7.24
# 
# === Build Requires ===
# 
#     Module              Want Have
#     ------------------- ---- ----
#     ExtUtils::MakeMaker  any 7.24
# 
# === Test Requires ===
# 
#     Module              Want     Have
#     ------------------- ---- --------
#     DBD::CSV            0.49     0.49
#     ExtUtils::MakeMaker  any     7.24
#     File::Spec           any     3.67
#     Test::More          0.90 1.302120
# 
# === Test Recommends ===
# 
#     Module         Want     Have
#     ---------- -------- --------
#     CPAN::Meta 2.120900 2.150010
# 
# === Runtime Requires ===
# 
#     Module         Want  Have
#     ------------- ----- -----
#     DBI           1.636 1.639
#     Footprintless  1.12  1.26
# 
t/00-report-prereqs.t ................................. ok
t/Footprintless_Database_AbstractProvider.t ........... ok
	(in cleanup) Undefined property [DESTROY] at t/Footprintless_Database_PreparedStatementTemplate.t line 38.
	(in cleanup) Undefined property [DESTROY] at t/Footprintless_Database_PreparedStatementTemplate.t line 38.
t/Footprintless_Database_PreparedStatementTemplate.t .. ok
All tests successful.
Files=3, Tests=45, 11 wallclock secs ( 0.27 usr  0.52 sys +  2.10 cusr  7.73 csys = 10.62 CPU)
Result: PASS
Manifying 14 pod documents
Installing /usr/local/share/perl5/site_perl/5.26/Footprintless/Plugin/Database.pm
Installing /usr/local/share/perl5/site_perl/5.26/Footprintless/Plugin/Database/AbstractProvider.pm
Installing /usr/local/share/perl5/site_perl/5.26/Footprintless/Plugin/Database/CsvProvider.pm
Installing /usr/local/share/perl5/site_perl/5.26/Footprintless/Plugin/Database/DefaultCommandHelper.pm
Installing /usr/local/share/perl5/site_perl/5.26/Footprintless/Plugin/Database/MySqlProvider.pm
Installing /usr/local/share/perl5/site_perl/5.26/Footprintless/Plugin/Database/OracleProvider.pm
Installing /usr/local/share/perl5/site_perl/5.26/Footprintless/Plugin/Database/PostgreSqlProvider.pm
Installing /usr/local/share/perl5/site_perl/5.26/Footprintless/Plugin/Database/PreparedStatementTemplate.pm
Installing /usr/local/share/perl5/site_perl/5.26/Footprintless/Plugin/Database/SqlShellAdapter.pm
Installing /usr/local/share/perl5/site_perl/5.26/Footprintless/Plugin/Database/Command/db.pm
Installing /usr/local/share/perl5/site_perl/5.26/Footprintless/Plugin/Database/Command/db/backup.pm
Installing /usr/local/share/perl5/site_perl/5.26/Footprintless/Plugin/Database/Command/db/client.pm
Installing /usr/local/share/perl5/site_perl/5.26/Footprintless/Plugin/Database/Command/db/copy_to.pm
Installing /usr/local/share/perl5/site_perl/5.26/Footprintless/Plugin/Database/Command/db/restore.pm
Installing /usr/local/share/man/man3/Footprintless.Plugin.Database.3pm
Installing /usr/local/share/man/man3/Footprintless.Plugin.Database.AbstractProvider.3pm
Installing /usr/local/share/man/man3/Footprintless.Plugin.Database.Command.db.3pm
Installing /usr/local/share/man/man3/Footprintless.Plugin.Database.Command.db.backup.3pm
Installing /usr/local/share/man/man3/Footprintless.Plugin.Database.Command.db.client.3pm
Installing /usr/local/share/man/man3/Footprintless.Plugin.Database.Command.db.copy_to.3pm
Installing /usr/local/share/man/man3/Footprintless.Plugin.Database.Command.db.restore.3pm
Installing /usr/local/share/man/man3/Footprintless.Plugin.Database.CsvProvider.3pm
Installing /usr/local/share/man/man3/Footprintless.Plugin.Database.DefaultCommandHelper.3pm
Installing /usr/local/share/man/man3/Footprintless.Plugin.Database.MySqlProvider.3pm
Installing /usr/local/share/man/man3/Footprintless.Plugin.Database.OracleProvider.3pm
Installing /usr/local/share/man/man3/Footprintless.Plugin.Database.PostgreSqlProvider.3pm
Installing /usr/local/share/man/man3/Footprintless.Plugin.Database.PreparedStatementTemplate.3pm
Installing /usr/local/share/man/man3/Footprintless.Plugin.Database.SqlShellAdapter.3pm
Appending installation info to /usr/lib/perl5/5.26/x86_64-cygwin-threads/perllocal.pod
-> OK
Successfully installed Footprintless-Plugin-Database-1.04 (upgraded from 1.01)
Installing /usr/local/share/perl5/site_perl/5.26/x86_64-cygwin-threads-multi/.meta/Footprintless-Plugin-Database-1.04/install.json
Installing /usr/local/share/perl5/site_perl/5.26/x86_64-cygwin-threads-multi/.meta/Footprintless-Plugin-Database-1.04/MYMETA.json
Searching Hash::Merge (0.200) on cpanmetadb ...
Hash::Merge is up to date. (0.299)
Searching HTML::Form (6.03) on cpanmetadb ...
HTML::Form is up to date. (6.03)
Searching IO::String (1.08) on cpanmetadb ...
IO::String is up to date. (1.08)
Searching JSON (2.90) on cpanmetadb ...
JSON is up to date. (2.97001)
Searching LockFile::Simple (0.208) on cpanmetadb ...
LockFile::Simple is up to date. (0.208)
Searching Log::Any::Adapter (1.032) on cpanmetadb ...
Log::Any::Adapter is up to date. (1.704)
Searching Log::Any::Adapter::Log4perl (0.08) on cpanmetadb ...
Log::Any::Adapter::Log4perl is up to date. (0.08)
Searching Log::Log4perl (1.46) on cpanmetadb ...
Log::Log4perl is up to date. (1.49)
Searching Log::Dispatch (2.54) on cpanmetadb ...
Log::Dispatch is up to date. (2.67)
Searching Log::Dispatch::FileRotate (1.19) on cpanmetadb ...
--> Working on Log::Dispatch::FileRotate
Fetching http://www.cpan.org/authors/id/M/MS/MSCHOUT/Log-Dispatch-FileRotate-1.34.tar.gz
-> OK
Unpacking Log-Dispatch-FileRotate-1.34.tar.gz
Entering Log-Dispatch-FileRotate-1.34
Checking configure dependencies from META.json
Checking if you have ExtUtils::MakeMaker 6.58 ... Yes (7.24)
Configuring Log-Dispatch-FileRotate-1.34
Running Makefile.PL
Checking if your kit is complete...
Looks good
Generating a Unix-style Makefile
Writing Makefile for Log::Dispatch::FileRotate
Writing MYMETA.yml and MYMETA.json
-> OK
Checking dependencies from MYMETA.json ...
Checking if you have Test::More 0.88 ... Yes (1.302120)
Checking if you have base 0 ... Yes (2.26)
Checking if you have Log::Dispatch::Output 0 ... Yes (2.67)
Checking if you have warnings 0 ... Yes (1.37)
Checking if you have Exporter 0 ... Yes (5.72)
Checking if you have strict 0 ... Yes (1.11)
Checking if you have POSIX 0 ... Yes (1.76)
Checking if you have Path::Tiny 0.018 ... Yes (0.104)
Checking if you have ExtUtils::MakeMaker 0 ... Yes (7.24)
Checking if you have version 0 ... Yes (0.9917)
Checking if you have Date::Manip 0 ... Yes (6.60)
Checking if you have utf8 0 ... Yes (1.19)
Checking if you have File::Spec 0 ... Yes (3.67)
Checking if you have Encode 0 ... Yes (2.88)
Checking if you have Test::Warn 0 ... Yes (0.32)
Checking if you have Fcntl 0 ... Yes (1.13)
Checking if you have Log::Dispatch::File 0 ... Yes (2.67)
Building and testing Log-Dispatch-FileRotate-1.34
cp lib/Log/Dispatch/FileRotate/Flock.pm blib/lib/Log/Dispatch/FileRotate/Flock.pm
cp lib/Log/Dispatch/FileRotate/Mutex.pm blib/lib/Log/Dispatch/FileRotate/Mutex.pm
cp lib/Log/Dispatch/FileRotate.pm blib/lib/Log/Dispatch/FileRotate.pm
Manifying 3 pod documents
PERL_DL_NONLAZY=1 "/usr/bin/perl.exe" "-MExtUtils::Command::MM" "-MTest::Harness" "-e" "undef *Test::Harness::Switches; test_harness(0, 'blib/lib', 'blib/arch')" t/*.t
t/author-lockfile-race-condition.t .. skipped: these tests are for testing by the author
t/author-pod-syntax.t ............... skipped: these tests are for testing by the author
t/author-signature.t ................ skipped: these tests are for testing by the author
ERROR: Date::Manip unable to determine Time Zone.

#   Failed test 'use Log::Dispatch::FileRotate;'
#   at t/basic.t line 15.
#     Tried to use 'Log::Dispatch::FileRotate'.
#     Error:  ERROR LOADING MODULE: Date::Manip::DM6 at /usr/local/share/perl5/site_perl/5.26/Date/Manip.pm line 35.
# Compilation failed in require at /home/CVIRTUCIO/.cpanm/work/1516116163.20920/Log-Dispatch-FileRotate-1.34/blib/lib/Log/Dispatch/FileRotate.pm line 10.
# BEGIN failed--compilation aborted at /home/CVIRTUCIO/.cpanm/work/1516116163.20920/Log-Dispatch-FileRotate-1.34/blib/lib/Log/Dispatch/FileRotate.pm line 10.
# Compilation failed in require at t/basic.t line 15.
# BEGIN failed--compilation aborted at t/basic.t line 15.

#   Failed test 'use Date::Manip;'
#   at t/basic.t line 16.
#     Tried to use 'Date::Manip'.
#     Error:  Attempt to reload Date/Manip.pm aborted.
# Compilation failed in require at t/basic.t line 16.
# BEGIN failed--compilation aborted at t/basic.t line 16.
# Unable to determine timezone! Lets see if it matters..
Undefined subroutine &main::DateCalc called at t/basic.t line 25.
# Tests were run but no plan was declared and done_testing() was not seen.
# Looks like your test exited with 255 just after 4.
t/basic.t ........................... 
Dubious, test returned 255 (wstat 65280, 0xff00)
Failed 2/4 subtests 

#   Failed test 'Expect a "Permission denied" error'
#   at t/file-open-failure.t line 51.
#                   ''
#     doesn't match '(?^:Cannot write to '.*myerrs.log': Permission denied)'
# Looks like you failed 1 test of 3.
t/file-open-failure.t ............... 
Dubious, test returned 1 (wstat 256, 0x100)
Failed 1/3 subtests 
t/lockfile-open-failure.t ........... ok
t/no-activity-bug.t ................. ok
t/sig-warn-deadlock.t ............... ok
t/size-with-underscore.t ............ ok

Test Summary Report
-------------------
t/basic.t                         (Wstat: 65280 Tests: 4 Failed: 2)
  Failed tests:  3-4
  Non-zero exit status: 255
  Parse errors: No plan found in TAP output
t/file-open-failure.t             (Wstat: 256 Tests: 3 Failed: 1)
  Failed test:  2
  Non-zero exit status: 1
Files=9, Tests=36, 26 wallclock secs ( 0.64 usr  0.45 sys +  5.74 cusr 18.14 csys = 24.97 CPU)
Result: FAIL
Failed 2/9 test programs. 3/36 subtests failed.
make: *** [Makefile:888: test_dynamic] Error 255
-> FAIL Installing Log::Dispatch::FileRotate failed. See /home/CVIRTUCIO/.cpanm/work/1516116163.20920/build.log for details. Retry with --force to force install it.
Searching LWP::Protocol::https (6.06) on cpanmetadb ...
LWP::Protocol::https is up to date. (6.07)
Searching LWP::UserAgent (6.15) on cpanmetadb ...
LWP::UserAgent is up to date. (6.31)
Searching Mail::Mailer (2.14) on cpanmetadb ...
Mail::Mailer is up to date. (2.19)
Searching Maven::Agent (1.14) on cpanmetadb ...
Maven::Agent is up to date. (1.14)
Searching Net::LDAP (0.65) on cpanmetadb ...
Net::LDAP is up to date. (0.65)
Searching Parallel::ForkManager (1.19) on cpanmetadb ...
Parallel::ForkManager is up to date. (1.19)
Searching Pod::Checker (1.71) on cpanmetadb ...
Pod::Checker is up to date. (1.73)
Searching Pod::Confluence (1.01) on cpanmetadb ...
Pod::Confluence is up to date. (1.01)
Searching Pod::Markdown (3.003) on cpanmetadb ...
Pod::Markdown is up to date. (3.005)
Searching Pod::Weaver (4.015) on cpanmetadb ...
Pod::Weaver is up to date. (4.015)
Searching Sort::Versions (1.62) on cpanmetadb ...
Sort::Versions is up to date. (1.62)
Searching Template::Resolver (1.13) on cpanmetadb ...
Template::Resolver is up to date. (1.16)
Searching Text::CSV (1.95) on cpanmetadb ...
Text::CSV is up to date. (1.95)
Searching XML::NamespaceSupport (1.11) on cpanmetadb ...
XML::NamespaceSupport is up to date. (1.12)
Searching XML::SAX (0.99) on cpanmetadb ...
XML::SAX is up to date. (0.99)
Searching XML::SAX::Writer (0.57) on cpanmetadb ...
XML::SAX::Writer is up to date. (0.57)
Searching XML::Saxtract (1.03) on cpanmetadb ...
XML::Saxtract is up to date. (1.03)
Searching XML::LibXML (2.0123) on cpanmetadb ...
XML::LibXML is up to date. (2.0132)
Searching XML::LibXML::PrettyPrint (0.006) on cpanmetadb ...
XML::LibXML::PrettyPrint is up to date. (0.006)
Searching YAML::XS (0.67) on cpanmetadb ...
YAML::XS is up to date. (0.69)
Expiring 8 work directories.
5 distributions installed
